ERROR 2024-12-06 02:52:22,395 quote_service 31008 31516 Unexpected error in quote generation
Traceback (most recent call last):
  File "C:\Projects\Mustafa\NOTFINAL\SOLARSIZING\Solar_Sizing_Bill_Calculator_With_AI_Backend\solar\services\quote_service.py", line 68, in generate_quote
    yearly_units = float(bill_data['Total Yearly Units'])
                         ~~~~~~~~~^^^^^^^^^^^^^^^^^^^^^^
KeyError: 'Total Yearly Units'
ERROR 2024-12-06 02:52:22,395 quote_views 31008 31516 Error in quote generation service
Traceback (most recent call last):
  File "C:\Projects\Mustafa\NOTFINAL\SOLARSIZING\Solar_Sizing_Bill_Calculator_With_AI_Backend\solar\services\quote_service.py", line 68, in generate_quote
    yearly_units = float(bill_data['Total Yearly Units'])
                         ~~~~~~~~~^^^^^^^^^^^^^^^^^^^^^^
KeyError: 'Total Yearly Units'

During handling of the above exception, another exception occurred:

Traceback (most recent call last):
  File "C:\Projects\Mustafa\NOTFINAL\SOLARSIZING\Solar_Sizing_Bill_Calculator_With_AI_Backend\solar\views\quote_views.py", line 38, in post
    quote_data = QuoteService.generate_quote(request.data)
                 ^^^^^^^^^^^^^^^^^^^^^^^^^^^^^^^^^^^^^^^^^
  File "C:\Projects\Mustafa\NOTFINAL\SOLARSIZING\Solar_Sizing_Bill_Calculator_With_AI_Backend\solar\services\quote_service.py", line 117, in generate_quote
    raise AppError(
solar.middleware.error_handler.AppError: Failed to generate quote
ERROR 2024-12-06 02:57:33,293 quote_service 15104 31328 Missing required field: 'Total Yearly Units'
ERROR 2024-12-06 02:57:33,293 quote_views 15104 31328 Error in quote generation
Traceback (most recent call last):
  File "C:\Projects\Mustafa\NOTFINAL\SOLARSIZING\Solar_Sizing_Bill_Calculator_With_AI_Backend\solar\services\quote_service.py", line 68, in generate_quote
    yearly_units = float(bill_data['Total Yearly Units'])
                         ~~~~~~~~~^^^^^^^^^^^^^^^^^^^^^^
KeyError: 'Total Yearly Units'

During handling of the above exception, another exception occurred:

Traceback (most recent call last):
  File "C:\Projects\Mustafa\NOTFINAL\SOLARSIZING\Solar_Sizing_Bill_Calculator_With_AI_Backend\solar\views\quote_views.py", line 46, in post
    quote_data = QuoteService.generate_quote(request.data)
                 ^^^^^^^^^^^^^^^^^^^^^^^^^^^^^^^^^^^^^^^^^
  File "C:\Projects\Mustafa\NOTFINAL\SOLARSIZING\Solar_Sizing_Bill_Calculator_With_AI_Backend\solar\services\quote_service.py", line 115, in generate_quote
    raise AppError(
solar.middleware.error_handler.AppError: Missing required field: 'Total Yearly Units'
ERROR 2024-12-06 03:01:36,228 quote_service 19360 24416 Unexpected error in quote generation
Traceback (most recent call last):
  File "C:\Projects\Mustafa\NOTFINAL\SOLARSIZING\Solar_Sizing_Bill_Calculator_With_AI_Backend\solar\services\quote_service.py", line 198, in _get_all_costs
    'dc_cable': bracket_costs['dc_cable'],
                ~~~~~~~~~~~~~^^^^^^^^^^^^
KeyError: 'dc_cable'

During handling of the above exception, another exception occurred:

Traceback (most recent call last):
  File "C:\Projects\Mustafa\NOTFINAL\SOLARSIZING\Solar_Sizing_Bill_Calculator_With_AI_Backend\solar\services\quote_service.py", line 83, in generate_quote
    costs = cls._get_all_costs(system_size, panels_needed)
            ^^^^^^^^^^^^^^^^^^^^^^^^^^^^^^^^^^^^^^^^^^^^^^
  File "C:\Projects\Mustafa\NOTFINAL\SOLARSIZING\Solar_Sizing_Bill_Calculator_With_AI_Backend\solar\services\quote_service.py", line 207, in _get_all_costs
    raise AppError(
solar.middleware.error_handler.AppError: Failed to retrieve costs
ERROR 2024-12-06 03:01:36,231 quote_views 19360 24416 Error in quote generation
Traceback (most recent call last):
  File "C:\Projects\Mustafa\NOTFINAL\SOLARSIZING\Solar_Sizing_Bill_Calculator_With_AI_Backend\solar\services\quote_service.py", line 198, in _get_all_costs
    'dc_cable': bracket_costs['dc_cable'],
                ~~~~~~~~~~~~~^^^^^^^^^^^^
KeyError: 'dc_cable'

During handling of the above exception, another exception occurred:

Traceback (most recent call last):
  File "C:\Projects\Mustafa\NOTFINAL\SOLARSIZING\Solar_Sizing_Bill_Calculator_With_AI_Backend\solar\services\quote_service.py", line 83, in generate_quote
    costs = cls._get_all_costs(system_size, panels_needed)
            ^^^^^^^^^^^^^^^^^^^^^^^^^^^^^^^^^^^^^^^^^^^^^^
  File "C:\Projects\Mustafa\NOTFINAL\SOLARSIZING\Solar_Sizing_Bill_Calculator_With_AI_Backend\solar\services\quote_service.py", line 207, in _get_all_costs
    raise AppError(
solar.middleware.error_handler.AppError: Failed to retrieve costs

During handling of the above exception, another exception occurred:

Traceback (most recent call last):
  File "C:\Projects\Mustafa\NOTFINAL\SOLARSIZING\Solar_Sizing_Bill_Calculator_With_AI_Backend\solar\views\quote_views.py", line 46, in post
    quote_data = QuoteService.generate_quote(request.data)
                 ^^^^^^^^^^^^^^^^^^^^^^^^^^^^^^^^^^^^^^^^^
  File "C:\Projects\Mustafa\NOTFINAL\SOLARSIZING\Solar_Sizing_Bill_Calculator_With_AI_Backend\solar\services\quote_service.py", line 134, in generate_quote
    raise AppError(
solar.middleware.error_handler.AppError: Failed to generate quote
ERROR 2024-12-06 03:06:03,107 quote_service 34740 20204 Cost calculation failed: Failed to retrieve costs
ERROR 2024-12-06 03:06:03,107 quote_service 34740 20204 Quote generation failed with AppError: Failed to retrieve costs
ERROR 2024-12-06 03:06:03,107 quote_views 34740 20204 Error in quote generation
Traceback (most recent call last):
  File "C:\Projects\Mustafa\NOTFINAL\SOLARSIZING\Solar_Sizing_Bill_Calculator_With_AI_Backend\solar\services\quote_service.py", line 215, in _get_all_costs
    'dc_cable': bracket_costs['dc_cable'],
                ~~~~~~~~~~~~~^^^^^^^^^^^^
KeyError: 'dc_cable'

During handling of the above exception, another exception occurred:

Traceback (most recent call last):
  File "C:\Projects\Mustafa\NOTFINAL\SOLARSIZING\Solar_Sizing_Bill_Calculator_With_AI_Backend\solar\views\quote_views.py", line 46, in post
    quote_data = QuoteService.generate_quote(request.data)
                 ^^^^^^^^^^^^^^^^^^^^^^^^^^^^^^^^^^^^^^^^^
  File "C:\Projects\Mustafa\NOTFINAL\SOLARSIZING\Solar_Sizing_Bill_Calculator_With_AI_Backend\solar\services\quote_service.py", line 91, in generate_quote
    costs = cls._get_all_costs(system_size, panels_needed)
            ^^^^^^^^^^^^^^^^^^^^^^^^^^^^^^^^^^^^^^^^^^^^^^
  File "C:\Projects\Mustafa\NOTFINAL\SOLARSIZING\Solar_Sizing_Bill_Calculator_With_AI_Backend\solar\services\quote_service.py", line 224, in _get_all_costs
    raise AppError(
solar.middleware.error_handler.AppError: Failed to retrieve costs
ERROR 2024-12-06 03:10:52,058 inventory_service 28504 23060 Error retrieving bracket costs
Traceback (most recent call last):
  File "C:\Projects\Mustafa\NOTFINAL\SOLARSIZING\Solar_Sizing_Bill_Calculator_With_AI_Backend\solar\services\inventory_service.py", line 234, in get_bracket_costs
    bracket = BracketCosts.objects.filter(
              ^^^^^^^^^^^^^^^^^^^^^^^^^^^^
  File "C:\Projects\Mustafa\NOTFINAL\SOLARSIZING\Solar_Sizing_Bill_Calculator_With_AI_Backend\venv\Lib\site-packages\django\db\models\manager.py", line 87, in manager_method
    return getattr(self.get_queryset(), name)(*args, **kwargs)
           ^^^^^^^^^^^^^^^^^^^^^^^^^^^^^^^^^^^^^^^^^^^^^^^^^^^
  File "C:\Projects\Mustafa\NOTFINAL\SOLARSIZING\Solar_Sizing_Bill_Calculator_With_AI_Backend\venv\Lib\site-packages\django\db\models\query.py", line 1476, in filter
    return self._filter_or_exclude(False, args, kwargs)
           ^^^^^^^^^^^^^^^^^^^^^^^^^^^^^^^^^^^^^^^^^^^^
  File "C:\Projects\Mustafa\NOTFINAL\SOLARSIZING\Solar_Sizing_Bill_Calculator_With_AI_Backend\venv\Lib\site-packages\django\db\models\query.py", line 1494, in _filter_or_exclude
    clone._filter_or_exclude_inplace(negate, args, kwargs)
  File "C:\Projects\Mustafa\NOTFINAL\SOLARSIZING\Solar_Sizing_Bill_Calculator_With_AI_Backend\venv\Lib\site-packages\django\db\models\query.py", line 1501, in _filter_or_exclude_inplace
    self._query.add_q(Q(*args, **kwargs))
  File "C:\Projects\Mustafa\NOTFINAL\SOLARSIZING\Solar_Sizing_Bill_Calculator_With_AI_Backend\venv\Lib\site-packages\django\db\models\sql\query.py", line 1609, in add_q
    clause, _ = self._add_q(q_object, self.used_aliases)
                ^^^^^^^^^^^^^^^^^^^^^^^^^^^^^^^^^^^^^^^^
  File "C:\Projects\Mustafa\NOTFINAL\SOLARSIZING\Solar_Sizing_Bill_Calculator_With_AI_Backend\venv\Lib\site-packages\django\db\models\sql\query.py", line 1641, in _add_q
    child_clause, needed_inner = self.build_filter(
                                 ^^^^^^^^^^^^^^^^^^
  File "C:\Projects\Mustafa\NOTFINAL\SOLARSIZING\Solar_Sizing_Bill_Calculator_With_AI_Backend\venv\Lib\site-packages\django\db\models\sql\query.py", line 1491, in build_filter
    lookups, parts, reffed_expression = self.solve_lookup_type(arg, summarize)
                                        ^^^^^^^^^^^^^^^^^^^^^^^^^^^^^^^^^^^^^^
  File "C:\Projects\Mustafa\NOTFINAL\SOLARSIZING\Solar_Sizing_Bill_Calculator_With_AI_Backend\venv\Lib\site-packages\django\db\models\sql\query.py", line 1303, in solve_lookup_type
    _, field, _, lookup_parts = self.names_to_path(lookup_splitted, self.get_meta())
                                ^^^^^^^^^^^^^^^^^^^^^^^^^^^^^^^^^^^^^^^^^^^^^^^^^^^^
  File "C:\Projects\Mustafa\NOTFINAL\SOLARSIZING\Solar_Sizing_Bill_Calculator_With_AI_Backend\venv\Lib\site-packages\django\db\models\sql\query.py", line 1768, in names_to_path
    raise FieldError(
django.core.exceptions.FieldError: Cannot resolve keyword 'max_size' into field. Choices are: SystemRange, Type, cost, id
ERROR 2024-12-06 03:10:52,061 quote_service 28504 23060 Error calculating costs
Traceback (most recent call last):
  File "C:\Projects\Mustafa\NOTFINAL\SOLARSIZING\Solar_Sizing_Bill_Calculator_With_AI_Backend\solar\services\inventory_service.py", line 234, in get_bracket_costs
    bracket = BracketCosts.objects.filter(
              ^^^^^^^^^^^^^^^^^^^^^^^^^^^^
  File "C:\Projects\Mustafa\NOTFINAL\SOLARSIZING\Solar_Sizing_Bill_Calculator_With_AI_Backend\venv\Lib\site-packages\django\db\models\manager.py", line 87, in manager_method
    return getattr(self.get_queryset(), name)(*args, **kwargs)
           ^^^^^^^^^^^^^^^^^^^^^^^^^^^^^^^^^^^^^^^^^^^^^^^^^^^
  File "C:\Projects\Mustafa\NOTFINAL\SOLARSIZING\Solar_Sizing_Bill_Calculator_With_AI_Backend\venv\Lib\site-packages\django\db\models\query.py", line 1476, in filter
    return self._filter_or_exclude(False, args, kwargs)
           ^^^^^^^^^^^^^^^^^^^^^^^^^^^^^^^^^^^^^^^^^^^^
  File "C:\Projects\Mustafa\NOTFINAL\SOLARSIZING\Solar_Sizing_Bill_Calculator_With_AI_Backend\venv\Lib\site-packages\django\db\models\query.py", line 1494, in _filter_or_exclude
    clone._filter_or_exclude_inplace(negate, args, kwargs)
  File "C:\Projects\Mustafa\NOTFINAL\SOLARSIZING\Solar_Sizing_Bill_Calculator_With_AI_Backend\venv\Lib\site-packages\django\db\models\query.py", line 1501, in _filter_or_exclude_inplace
    self._query.add_q(Q(*args, **kwargs))
  File "C:\Projects\Mustafa\NOTFINAL\SOLARSIZING\Solar_Sizing_Bill_Calculator_With_AI_Backend\venv\Lib\site-packages\django\db\models\sql\query.py", line 1609, in add_q
    clause, _ = self._add_q(q_object, self.used_aliases)
                ^^^^^^^^^^^^^^^^^^^^^^^^^^^^^^^^^^^^^^^^
  File "C:\Projects\Mustafa\NOTFINAL\SOLARSIZING\Solar_Sizing_Bill_Calculator_With_AI_Backend\venv\Lib\site-packages\django\db\models\sql\query.py", line 1641, in _add_q
    child_clause, needed_inner = self.build_filter(
                                 ^^^^^^^^^^^^^^^^^^
  File "C:\Projects\Mustafa\NOTFINAL\SOLARSIZING\Solar_Sizing_Bill_Calculator_With_AI_Backend\venv\Lib\site-packages\django\db\models\sql\query.py", line 1491, in build_filter
    lookups, parts, reffed_expression = self.solve_lookup_type(arg, summarize)
                                        ^^^^^^^^^^^^^^^^^^^^^^^^^^^^^^^^^^^^^^
  File "C:\Projects\Mustafa\NOTFINAL\SOLARSIZING\Solar_Sizing_Bill_Calculator_With_AI_Backend\venv\Lib\site-packages\django\db\models\sql\query.py", line 1303, in solve_lookup_type
    _, field, _, lookup_parts = self.names_to_path(lookup_splitted, self.get_meta())
                                ^^^^^^^^^^^^^^^^^^^^^^^^^^^^^^^^^^^^^^^^^^^^^^^^^^^^
  File "C:\Projects\Mustafa\NOTFINAL\SOLARSIZING\Solar_Sizing_Bill_Calculator_With_AI_Backend\venv\Lib\site-packages\django\db\models\sql\query.py", line 1768, in names_to_path
    raise FieldError(
django.core.exceptions.FieldError: Cannot resolve keyword 'max_size' into field. Choices are: SystemRange, Type, cost, id

During handling of the above exception, another exception occurred:

Traceback (most recent call last):
  File "C:\Projects\Mustafa\NOTFINAL\SOLARSIZING\Solar_Sizing_Bill_Calculator_With_AI_Backend\solar\services\quote_service.py", line 228, in _get_all_costs
    bracket_costs = InventoryService.get_bracket_costs(system_size)
                    ^^^^^^^^^^^^^^^^^^^^^^^^^^^^^^^^^^^^^^^^^^^^^^^
  File "C:\Projects\Mustafa\NOTFINAL\SOLARSIZING\Solar_Sizing_Bill_Calculator_With_AI_Backend\solar\services\inventory_service.py", line 261, in get_bracket_costs
    raise AppError(
solar.middleware.error_handler.AppError: Failed to retrieve bracket costs
ERROR 2024-12-06 03:10:52,061 quote_service 28504 23060 Cost calculation failed: Failed to retrieve costs
ERROR 2024-12-06 03:10:52,061 quote_service 28504 23060 Quote generation failed with AppError: Failed to retrieve costs
ERROR 2024-12-06 03:10:52,061 quote_views 28504 23060 Error in quote generation
Traceback (most recent call last):
  File "C:\Projects\Mustafa\NOTFINAL\SOLARSIZING\Solar_Sizing_Bill_Calculator_With_AI_Backend\solar\services\inventory_service.py", line 234, in get_bracket_costs
    bracket = BracketCosts.objects.filter(
              ^^^^^^^^^^^^^^^^^^^^^^^^^^^^
  File "C:\Projects\Mustafa\NOTFINAL\SOLARSIZING\Solar_Sizing_Bill_Calculator_With_AI_Backend\venv\Lib\site-packages\django\db\models\manager.py", line 87, in manager_method
    return getattr(self.get_queryset(), name)(*args, **kwargs)
           ^^^^^^^^^^^^^^^^^^^^^^^^^^^^^^^^^^^^^^^^^^^^^^^^^^^
  File "C:\Projects\Mustafa\NOTFINAL\SOLARSIZING\Solar_Sizing_Bill_Calculator_With_AI_Backend\venv\Lib\site-packages\django\db\models\query.py", line 1476, in filter
    return self._filter_or_exclude(False, args, kwargs)
           ^^^^^^^^^^^^^^^^^^^^^^^^^^^^^^^^^^^^^^^^^^^^
  File "C:\Projects\Mustafa\NOTFINAL\SOLARSIZING\Solar_Sizing_Bill_Calculator_With_AI_Backend\venv\Lib\site-packages\django\db\models\query.py", line 1494, in _filter_or_exclude
    clone._filter_or_exclude_inplace(negate, args, kwargs)
  File "C:\Projects\Mustafa\NOTFINAL\SOLARSIZING\Solar_Sizing_Bill_Calculator_With_AI_Backend\venv\Lib\site-packages\django\db\models\query.py", line 1501, in _filter_or_exclude_inplace
    self._query.add_q(Q(*args, **kwargs))
  File "C:\Projects\Mustafa\NOTFINAL\SOLARSIZING\Solar_Sizing_Bill_Calculator_With_AI_Backend\venv\Lib\site-packages\django\db\models\sql\query.py", line 1609, in add_q
    clause, _ = self._add_q(q_object, self.used_aliases)
                ^^^^^^^^^^^^^^^^^^^^^^^^^^^^^^^^^^^^^^^^
  File "C:\Projects\Mustafa\NOTFINAL\SOLARSIZING\Solar_Sizing_Bill_Calculator_With_AI_Backend\venv\Lib\site-packages\django\db\models\sql\query.py", line 1641, in _add_q
    child_clause, needed_inner = self.build_filter(
                                 ^^^^^^^^^^^^^^^^^^
  File "C:\Projects\Mustafa\NOTFINAL\SOLARSIZING\Solar_Sizing_Bill_Calculator_With_AI_Backend\venv\Lib\site-packages\django\db\models\sql\query.py", line 1491, in build_filter
    lookups, parts, reffed_expression = self.solve_lookup_type(arg, summarize)
                                        ^^^^^^^^^^^^^^^^^^^^^^^^^^^^^^^^^^^^^^
  File "C:\Projects\Mustafa\NOTFINAL\SOLARSIZING\Solar_Sizing_Bill_Calculator_With_AI_Backend\venv\Lib\site-packages\django\db\models\sql\query.py", line 1303, in solve_lookup_type
    _, field, _, lookup_parts = self.names_to_path(lookup_splitted, self.get_meta())
                                ^^^^^^^^^^^^^^^^^^^^^^^^^^^^^^^^^^^^^^^^^^^^^^^^^^^^
  File "C:\Projects\Mustafa\NOTFINAL\SOLARSIZING\Solar_Sizing_Bill_Calculator_With_AI_Backend\venv\Lib\site-packages\django\db\models\sql\query.py", line 1768, in names_to_path
    raise FieldError(
django.core.exceptions.FieldError: Cannot resolve keyword 'max_size' into field. Choices are: SystemRange, Type, cost, id

During handling of the above exception, another exception occurred:

Traceback (most recent call last):
  File "C:\Projects\Mustafa\NOTFINAL\SOLARSIZING\Solar_Sizing_Bill_Calculator_With_AI_Backend\solar\services\quote_service.py", line 228, in _get_all_costs
    bracket_costs = InventoryService.get_bracket_costs(system_size)
                    ^^^^^^^^^^^^^^^^^^^^^^^^^^^^^^^^^^^^^^^^^^^^^^^
  File "C:\Projects\Mustafa\NOTFINAL\SOLARSIZING\Solar_Sizing_Bill_Calculator_With_AI_Backend\solar\services\inventory_service.py", line 261, in get_bracket_costs
    raise AppError(
solar.middleware.error_handler.AppError: Failed to retrieve bracket costs

During handling of the above exception, another exception occurred:

Traceback (most recent call last):
  File "C:\Projects\Mustafa\NOTFINAL\SOLARSIZING\Solar_Sizing_Bill_Calculator_With_AI_Backend\solar\views\quote_views.py", line 46, in post
    quote_data = QuoteService.generate_quote(request.data)
                 ^^^^^^^^^^^^^^^^^^^^^^^^^^^^^^^^^^^^^^^^^
  File "C:\Projects\Mustafa\NOTFINAL\SOLARSIZING\Solar_Sizing_Bill_Calculator_With_AI_Backend\solar\services\quote_service.py", line 91, in generate_quote
    costs = cls._get_all_costs(system_size, panels_needed)
            ^^^^^^^^^^^^^^^^^^^^^^^^^^^^^^^^^^^^^^^^^^^^^^
  File "C:\Projects\Mustafa\NOTFINAL\SOLARSIZING\Solar_Sizing_Bill_Calculator_With_AI_Backend\solar\services\quote_service.py", line 249, in _get_all_costs
    raise AppError(
solar.middleware.error_handler.AppError: Failed to retrieve costs
ERROR 2024-12-06 03:11:22,212 inventory_service 28504 31856 Error retrieving bracket costs
Traceback (most recent call last):
  File "C:\Projects\Mustafa\NOTFINAL\SOLARSIZING\Solar_Sizing_Bill_Calculator_With_AI_Backend\solar\services\inventory_service.py", line 234, in get_bracket_costs
    bracket = BracketCosts.objects.filter(
              ^^^^^^^^^^^^^^^^^^^^^^^^^^^^
  File "C:\Projects\Mustafa\NOTFINAL\SOLARSIZING\Solar_Sizing_Bill_Calculator_With_AI_Backend\venv\Lib\site-packages\django\db\models\manager.py", line 87, in manager_method
    return getattr(self.get_queryset(), name)(*args, **kwargs)
           ^^^^^^^^^^^^^^^^^^^^^^^^^^^^^^^^^^^^^^^^^^^^^^^^^^^
  File "C:\Projects\Mustafa\NOTFINAL\SOLARSIZING\Solar_Sizing_Bill_Calculator_With_AI_Backend\venv\Lib\site-packages\django\db\models\query.py", line 1476, in filter
    return self._filter_or_exclude(False, args, kwargs)
           ^^^^^^^^^^^^^^^^^^^^^^^^^^^^^^^^^^^^^^^^^^^^
  File "C:\Projects\Mustafa\NOTFINAL\SOLARSIZING\Solar_Sizing_Bill_Calculator_With_AI_Backend\venv\Lib\site-packages\django\db\models\query.py", line 1494, in _filter_or_exclude
    clone._filter_or_exclude_inplace(negate, args, kwargs)
  File "C:\Projects\Mustafa\NOTFINAL\SOLARSIZING\Solar_Sizing_Bill_Calculator_With_AI_Backend\venv\Lib\site-packages\django\db\models\query.py", line 1501, in _filter_or_exclude_inplace
    self._query.add_q(Q(*args, **kwargs))
  File "C:\Projects\Mustafa\NOTFINAL\SOLARSIZING\Solar_Sizing_Bill_Calculator_With_AI_Backend\venv\Lib\site-packages\django\db\models\sql\query.py", line 1609, in add_q
    clause, _ = self._add_q(q_object, self.used_aliases)
                ^^^^^^^^^^^^^^^^^^^^^^^^^^^^^^^^^^^^^^^^
  File "C:\Projects\Mustafa\NOTFINAL\SOLARSIZING\Solar_Sizing_Bill_Calculator_With_AI_Backend\venv\Lib\site-packages\django\db\models\sql\query.py", line 1641, in _add_q
    child_clause, needed_inner = self.build_filter(
                                 ^^^^^^^^^^^^^^^^^^
  File "C:\Projects\Mustafa\NOTFINAL\SOLARSIZING\Solar_Sizing_Bill_Calculator_With_AI_Backend\venv\Lib\site-packages\django\db\models\sql\query.py", line 1491, in build_filter
    lookups, parts, reffed_expression = self.solve_lookup_type(arg, summarize)
                                        ^^^^^^^^^^^^^^^^^^^^^^^^^^^^^^^^^^^^^^
  File "C:\Projects\Mustafa\NOTFINAL\SOLARSIZING\Solar_Sizing_Bill_Calculator_With_AI_Backend\venv\Lib\site-packages\django\db\models\sql\query.py", line 1303, in solve_lookup_type
    _, field, _, lookup_parts = self.names_to_path(lookup_splitted, self.get_meta())
                                ^^^^^^^^^^^^^^^^^^^^^^^^^^^^^^^^^^^^^^^^^^^^^^^^^^^^
  File "C:\Projects\Mustafa\NOTFINAL\SOLARSIZING\Solar_Sizing_Bill_Calculator_With_AI_Backend\venv\Lib\site-packages\django\db\models\sql\query.py", line 1768, in names_to_path
    raise FieldError(
django.core.exceptions.FieldError: Cannot resolve keyword 'max_size' into field. Choices are: SystemRange, Type, cost, id
ERROR 2024-12-06 03:11:22,213 quote_service 28504 31856 Error calculating costs
Traceback (most recent call last):
  File "C:\Projects\Mustafa\NOTFINAL\SOLARSIZING\Solar_Sizing_Bill_Calculator_With_AI_Backend\solar\services\inventory_service.py", line 234, in get_bracket_costs
    bracket = BracketCosts.objects.filter(
              ^^^^^^^^^^^^^^^^^^^^^^^^^^^^
  File "C:\Projects\Mustafa\NOTFINAL\SOLARSIZING\Solar_Sizing_Bill_Calculator_With_AI_Backend\venv\Lib\site-packages\django\db\models\manager.py", line 87, in manager_method
    return getattr(self.get_queryset(), name)(*args, **kwargs)
           ^^^^^^^^^^^^^^^^^^^^^^^^^^^^^^^^^^^^^^^^^^^^^^^^^^^
  File "C:\Projects\Mustafa\NOTFINAL\SOLARSIZING\Solar_Sizing_Bill_Calculator_With_AI_Backend\venv\Lib\site-packages\django\db\models\query.py", line 1476, in filter
    return self._filter_or_exclude(False, args, kwargs)
           ^^^^^^^^^^^^^^^^^^^^^^^^^^^^^^^^^^^^^^^^^^^^
  File "C:\Projects\Mustafa\NOTFINAL\SOLARSIZING\Solar_Sizing_Bill_Calculator_With_AI_Backend\venv\Lib\site-packages\django\db\models\query.py", line 1494, in _filter_or_exclude
    clone._filter_or_exclude_inplace(negate, args, kwargs)
  File "C:\Projects\Mustafa\NOTFINAL\SOLARSIZING\Solar_Sizing_Bill_Calculator_With_AI_Backend\venv\Lib\site-packages\django\db\models\query.py", line 1501, in _filter_or_exclude_inplace
    self._query.add_q(Q(*args, **kwargs))
  File "C:\Projects\Mustafa\NOTFINAL\SOLARSIZING\Solar_Sizing_Bill_Calculator_With_AI_Backend\venv\Lib\site-packages\django\db\models\sql\query.py", line 1609, in add_q
    clause, _ = self._add_q(q_object, self.used_aliases)
                ^^^^^^^^^^^^^^^^^^^^^^^^^^^^^^^^^^^^^^^^
  File "C:\Projects\Mustafa\NOTFINAL\SOLARSIZING\Solar_Sizing_Bill_Calculator_With_AI_Backend\venv\Lib\site-packages\django\db\models\sql\query.py", line 1641, in _add_q
    child_clause, needed_inner = self.build_filter(
                                 ^^^^^^^^^^^^^^^^^^
  File "C:\Projects\Mustafa\NOTFINAL\SOLARSIZING\Solar_Sizing_Bill_Calculator_With_AI_Backend\venv\Lib\site-packages\django\db\models\sql\query.py", line 1491, in build_filter
    lookups, parts, reffed_expression = self.solve_lookup_type(arg, summarize)
                                        ^^^^^^^^^^^^^^^^^^^^^^^^^^^^^^^^^^^^^^
  File "C:\Projects\Mustafa\NOTFINAL\SOLARSIZING\Solar_Sizing_Bill_Calculator_With_AI_Backend\venv\Lib\site-packages\django\db\models\sql\query.py", line 1303, in solve_lookup_type
    _, field, _, lookup_parts = self.names_to_path(lookup_splitted, self.get_meta())
                                ^^^^^^^^^^^^^^^^^^^^^^^^^^^^^^^^^^^^^^^^^^^^^^^^^^^^
  File "C:\Projects\Mustafa\NOTFINAL\SOLARSIZING\Solar_Sizing_Bill_Calculator_With_AI_Backend\venv\Lib\site-packages\django\db\models\sql\query.py", line 1768, in names_to_path
    raise FieldError(
django.core.exceptions.FieldError: Cannot resolve keyword 'max_size' into field. Choices are: SystemRange, Type, cost, id

During handling of the above exception, another exception occurred:

Traceback (most recent call last):
  File "C:\Projects\Mustafa\NOTFINAL\SOLARSIZING\Solar_Sizing_Bill_Calculator_With_AI_Backend\solar\services\quote_service.py", line 228, in _get_all_costs
    bracket_costs = InventoryService.get_bracket_costs(system_size)
                    ^^^^^^^^^^^^^^^^^^^^^^^^^^^^^^^^^^^^^^^^^^^^^^^
  File "C:\Projects\Mustafa\NOTFINAL\SOLARSIZING\Solar_Sizing_Bill_Calculator_With_AI_Backend\solar\services\inventory_service.py", line 261, in get_bracket_costs
    raise AppError(
solar.middleware.error_handler.AppError: Failed to retrieve bracket costs
ERROR 2024-12-06 03:11:22,214 quote_service 28504 31856 Cost calculation failed: Failed to retrieve costs
ERROR 2024-12-06 03:11:22,214 quote_service 28504 31856 Quote generation failed with AppError: Failed to retrieve costs
ERROR 2024-12-06 03:11:22,215 quote_views 28504 31856 Error in quote generation
Traceback (most recent call last):
  File "C:\Projects\Mustafa\NOTFINAL\SOLARSIZING\Solar_Sizing_Bill_Calculator_With_AI_Backend\solar\services\inventory_service.py", line 234, in get_bracket_costs
    bracket = BracketCosts.objects.filter(
              ^^^^^^^^^^^^^^^^^^^^^^^^^^^^
  File "C:\Projects\Mustafa\NOTFINAL\SOLARSIZING\Solar_Sizing_Bill_Calculator_With_AI_Backend\venv\Lib\site-packages\django\db\models\manager.py", line 87, in manager_method
    return getattr(self.get_queryset(), name)(*args, **kwargs)
           ^^^^^^^^^^^^^^^^^^^^^^^^^^^^^^^^^^^^^^^^^^^^^^^^^^^
  File "C:\Projects\Mustafa\NOTFINAL\SOLARSIZING\Solar_Sizing_Bill_Calculator_With_AI_Backend\venv\Lib\site-packages\django\db\models\query.py", line 1476, in filter
    return self._filter_or_exclude(False, args, kwargs)
           ^^^^^^^^^^^^^^^^^^^^^^^^^^^^^^^^^^^^^^^^^^^^
  File "C:\Projects\Mustafa\NOTFINAL\SOLARSIZING\Solar_Sizing_Bill_Calculator_With_AI_Backend\venv\Lib\site-packages\django\db\models\query.py", line 1494, in _filter_or_exclude
    clone._filter_or_exclude_inplace(negate, args, kwargs)
  File "C:\Projects\Mustafa\NOTFINAL\SOLARSIZING\Solar_Sizing_Bill_Calculator_With_AI_Backend\venv\Lib\site-packages\django\db\models\query.py", line 1501, in _filter_or_exclude_inplace
    self._query.add_q(Q(*args, **kwargs))
  File "C:\Projects\Mustafa\NOTFINAL\SOLARSIZING\Solar_Sizing_Bill_Calculator_With_AI_Backend\venv\Lib\site-packages\django\db\models\sql\query.py", line 1609, in add_q
    clause, _ = self._add_q(q_object, self.used_aliases)
                ^^^^^^^^^^^^^^^^^^^^^^^^^^^^^^^^^^^^^^^^
  File "C:\Projects\Mustafa\NOTFINAL\SOLARSIZING\Solar_Sizing_Bill_Calculator_With_AI_Backend\venv\Lib\site-packages\django\db\models\sql\query.py", line 1641, in _add_q
    child_clause, needed_inner = self.build_filter(
                                 ^^^^^^^^^^^^^^^^^^
  File "C:\Projects\Mustafa\NOTFINAL\SOLARSIZING\Solar_Sizing_Bill_Calculator_With_AI_Backend\venv\Lib\site-packages\django\db\models\sql\query.py", line 1491, in build_filter
    lookups, parts, reffed_expression = self.solve_lookup_type(arg, summarize)
                                        ^^^^^^^^^^^^^^^^^^^^^^^^^^^^^^^^^^^^^^
  File "C:\Projects\Mustafa\NOTFINAL\SOLARSIZING\Solar_Sizing_Bill_Calculator_With_AI_Backend\venv\Lib\site-packages\django\db\models\sql\query.py", line 1303, in solve_lookup_type
    _, field, _, lookup_parts = self.names_to_path(lookup_splitted, self.get_meta())
                                ^^^^^^^^^^^^^^^^^^^^^^^^^^^^^^^^^^^^^^^^^^^^^^^^^^^^
  File "C:\Projects\Mustafa\NOTFINAL\SOLARSIZING\Solar_Sizing_Bill_Calculator_With_AI_Backend\venv\Lib\site-packages\django\db\models\sql\query.py", line 1768, in names_to_path
    raise FieldError(
django.core.exceptions.FieldError: Cannot resolve keyword 'max_size' into field. Choices are: SystemRange, Type, cost, id

During handling of the above exception, another exception occurred:

Traceback (most recent call last):
  File "C:\Projects\Mustafa\NOTFINAL\SOLARSIZING\Solar_Sizing_Bill_Calculator_With_AI_Backend\solar\services\quote_service.py", line 228, in _get_all_costs
    bracket_costs = InventoryService.get_bracket_costs(system_size)
                    ^^^^^^^^^^^^^^^^^^^^^^^^^^^^^^^^^^^^^^^^^^^^^^^
  File "C:\Projects\Mustafa\NOTFINAL\SOLARSIZING\Solar_Sizing_Bill_Calculator_With_AI_Backend\solar\services\inventory_service.py", line 261, in get_bracket_costs
    raise AppError(
solar.middleware.error_handler.AppError: Failed to retrieve bracket costs

During handling of the above exception, another exception occurred:

Traceback (most recent call last):
  File "C:\Projects\Mustafa\NOTFINAL\SOLARSIZING\Solar_Sizing_Bill_Calculator_With_AI_Backend\solar\views\quote_views.py", line 46, in post
    quote_data = QuoteService.generate_quote(request.data)
                 ^^^^^^^^^^^^^^^^^^^^^^^^^^^^^^^^^^^^^^^^^
  File "C:\Projects\Mustafa\NOTFINAL\SOLARSIZING\Solar_Sizing_Bill_Calculator_With_AI_Backend\solar\services\quote_service.py", line 91, in generate_quote
    costs = cls._get_all_costs(system_size, panels_needed)
            ^^^^^^^^^^^^^^^^^^^^^^^^^^^^^^^^^^^^^^^^^^^^^^
  File "C:\Projects\Mustafa\NOTFINAL\SOLARSIZING\Solar_Sizing_Bill_Calculator_With_AI_Backend\solar\services\quote_service.py", line 249, in _get_all_costs
    raise AppError(
solar.middleware.error_handler.AppError: Failed to retrieve costs
ERROR 2024-12-06 03:18:05,856 inventory_service 9840 25400 Error retrieving bracket costs
Traceback (most recent call last):
  File "C:\Projects\Mustafa\NOTFINAL\SOLARSIZING\Solar_Sizing_Bill_Calculator_With_AI_Backend\venv\Lib\site-packages\django\db\backends\utils.py", line 105, in _execute
    return self.cursor.execute(sql, params)
           ^^^^^^^^^^^^^^^^^^^^^^^^^^^^^^^^
  File "C:\Projects\Mustafa\NOTFINAL\SOLARSIZING\Solar_Sizing_Bill_Calculator_With_AI_Backend\venv\Lib\site-packages\django\db\backends\sqlite3\base.py", line 354, in execute
    return super().execute(query, params)
           ^^^^^^^^^^^^^^^^^^^^^^^^^^^^^^
sqlite3.OperationalError: no such column: solar_bracketcosts.min_size

The above exception was the direct cause of the following exception:

Traceback (most recent call last):
  File "C:\Projects\Mustafa\NOTFINAL\SOLARSIZING\Solar_Sizing_Bill_Calculator_With_AI_Backend\solar\services\inventory_service.py", line 237, in get_bracket_costs
    ).first()
      ^^^^^^^
  File "C:\Projects\Mustafa\NOTFINAL\SOLARSIZING\Solar_Sizing_Bill_Calculator_With_AI_Backend\venv\Lib\site-packages\django\db\models\query.py", line 1097, in first
    for obj in queryset[:1]:
  File "C:\Projects\Mustafa\NOTFINAL\SOLARSIZING\Solar_Sizing_Bill_Calculator_With_AI_Backend\venv\Lib\site-packages\django\db\models\query.py", line 400, in __iter__
    self._fetch_all()
  File "C:\Projects\Mustafa\NOTFINAL\SOLARSIZING\Solar_Sizing_Bill_Calculator_With_AI_Backend\venv\Lib\site-packages\django\db\models\query.py", line 1928, in _fetch_all
    self._result_cache = list(self._iterable_class(self))
                         ^^^^^^^^^^^^^^^^^^^^^^^^^^^^^^^^
  File "C:\Projects\Mustafa\NOTFINAL\SOLARSIZING\Solar_Sizing_Bill_Calculator_With_AI_Backend\venv\Lib\site-packages\django\db\models\query.py", line 91, in __iter__
    results = compiler.execute_sql(
              ^^^^^^^^^^^^^^^^^^^^^
  File "C:\Projects\Mustafa\NOTFINAL\SOLARSIZING\Solar_Sizing_Bill_Calculator_With_AI_Backend\venv\Lib\site-packages\django\db\models\sql\compiler.py", line 1574, in execute_sql
    cursor.execute(sql, params)
  File "C:\Projects\Mustafa\NOTFINAL\SOLARSIZING\Solar_Sizing_Bill_Calculator_With_AI_Backend\venv\Lib\site-packages\django\db\backends\utils.py", line 122, in execute
    return super().execute(sql, params)
           ^^^^^^^^^^^^^^^^^^^^^^^^^^^^
  File "C:\Projects\Mustafa\NOTFINAL\SOLARSIZING\Solar_Sizing_Bill_Calculator_With_AI_Backend\venv\Lib\site-packages\django\db\backends\utils.py", line 79, in execute
    return self._execute_with_wrappers(
           ^^^^^^^^^^^^^^^^^^^^^^^^^^^^
  File "C:\Projects\Mustafa\NOTFINAL\SOLARSIZING\Solar_Sizing_Bill_Calculator_With_AI_Backend\venv\Lib\site-packages\django\db\backends\utils.py", line 92, in _execute_with_wrappers
    return executor(sql, params, many, context)
           ^^^^^^^^^^^^^^^^^^^^^^^^^^^^^^^^^^^^
  File "C:\Projects\Mustafa\NOTFINAL\SOLARSIZING\Solar_Sizing_Bill_Calculator_With_AI_Backend\venv\Lib\site-packages\django\db\backends\utils.py", line 100, in _execute
    with self.db.wrap_database_errors:
  File "C:\Projects\Mustafa\NOTFINAL\SOLARSIZING\Solar_Sizing_Bill_Calculator_With_AI_Backend\venv\Lib\site-packages\django\db\utils.py", line 91, in __exit__
    raise dj_exc_value.with_traceback(traceback) from exc_value
  File "C:\Projects\Mustafa\NOTFINAL\SOLARSIZING\Solar_Sizing_Bill_Calculator_With_AI_Backend\venv\Lib\site-packages\django\db\backends\utils.py", line 105, in _execute
    return self.cursor.execute(sql, params)
           ^^^^^^^^^^^^^^^^^^^^^^^^^^^^^^^^
  File "C:\Projects\Mustafa\NOTFINAL\SOLARSIZING\Solar_Sizing_Bill_Calculator_With_AI_Backend\venv\Lib\site-packages\django\db\backends\sqlite3\base.py", line 354, in execute
    return super().execute(query, params)
           ^^^^^^^^^^^^^^^^^^^^^^^^^^^^^^
django.db.utils.OperationalError: no such column: solar_bracketcosts.min_size
ERROR 2024-12-06 03:18:05,861 quote_service 9840 25400 Error calculating costs
Traceback (most recent call last):
  File "C:\Projects\Mustafa\NOTFINAL\SOLARSIZING\Solar_Sizing_Bill_Calculator_With_AI_Backend\venv\Lib\site-packages\django\db\backends\utils.py", line 105, in _execute
    return self.cursor.execute(sql, params)
           ^^^^^^^^^^^^^^^^^^^^^^^^^^^^^^^^
  File "C:\Projects\Mustafa\NOTFINAL\SOLARSIZING\Solar_Sizing_Bill_Calculator_With_AI_Backend\venv\Lib\site-packages\django\db\backends\sqlite3\base.py", line 354, in execute
    return super().execute(query, params)
           ^^^^^^^^^^^^^^^^^^^^^^^^^^^^^^
sqlite3.OperationalError: no such column: solar_bracketcosts.min_size

The above exception was the direct cause of the following exception:

Traceback (most recent call last):
  File "C:\Projects\Mustafa\NOTFINAL\SOLARSIZING\Solar_Sizing_Bill_Calculator_With_AI_Backend\solar\services\inventory_service.py", line 237, in get_bracket_costs
    ).first()
      ^^^^^^^
  File "C:\Projects\Mustafa\NOTFINAL\SOLARSIZING\Solar_Sizing_Bill_Calculator_With_AI_Backend\venv\Lib\site-packages\django\db\models\query.py", line 1097, in first
    for obj in queryset[:1]:
  File "C:\Projects\Mustafa\NOTFINAL\SOLARSIZING\Solar_Sizing_Bill_Calculator_With_AI_Backend\venv\Lib\site-packages\django\db\models\query.py", line 400, in __iter__
    self._fetch_all()
  File "C:\Projects\Mustafa\NOTFINAL\SOLARSIZING\Solar_Sizing_Bill_Calculator_With_AI_Backend\venv\Lib\site-packages\django\db\models\query.py", line 1928, in _fetch_all
    self._result_cache = list(self._iterable_class(self))
                         ^^^^^^^^^^^^^^^^^^^^^^^^^^^^^^^^
  File "C:\Projects\Mustafa\NOTFINAL\SOLARSIZING\Solar_Sizing_Bill_Calculator_With_AI_Backend\venv\Lib\site-packages\django\db\models\query.py", line 91, in __iter__
    results = compiler.execute_sql(
              ^^^^^^^^^^^^^^^^^^^^^
  File "C:\Projects\Mustafa\NOTFINAL\SOLARSIZING\Solar_Sizing_Bill_Calculator_With_AI_Backend\venv\Lib\site-packages\django\db\models\sql\compiler.py", line 1574, in execute_sql
    cursor.execute(sql, params)
  File "C:\Projects\Mustafa\NOTFINAL\SOLARSIZING\Solar_Sizing_Bill_Calculator_With_AI_Backend\venv\Lib\site-packages\django\db\backends\utils.py", line 122, in execute
    return super().execute(sql, params)
           ^^^^^^^^^^^^^^^^^^^^^^^^^^^^
  File "C:\Projects\Mustafa\NOTFINAL\SOLARSIZING\Solar_Sizing_Bill_Calculator_With_AI_Backend\venv\Lib\site-packages\django\db\backends\utils.py", line 79, in execute
    return self._execute_with_wrappers(
           ^^^^^^^^^^^^^^^^^^^^^^^^^^^^
  File "C:\Projects\Mustafa\NOTFINAL\SOLARSIZING\Solar_Sizing_Bill_Calculator_With_AI_Backend\venv\Lib\site-packages\django\db\backends\utils.py", line 92, in _execute_with_wrappers
    return executor(sql, params, many, context)
           ^^^^^^^^^^^^^^^^^^^^^^^^^^^^^^^^^^^^
  File "C:\Projects\Mustafa\NOTFINAL\SOLARSIZING\Solar_Sizing_Bill_Calculator_With_AI_Backend\venv\Lib\site-packages\django\db\backends\utils.py", line 100, in _execute
    with self.db.wrap_database_errors:
  File "C:\Projects\Mustafa\NOTFINAL\SOLARSIZING\Solar_Sizing_Bill_Calculator_With_AI_Backend\venv\Lib\site-packages\django\db\utils.py", line 91, in __exit__
    raise dj_exc_value.with_traceback(traceback) from exc_value
  File "C:\Projects\Mustafa\NOTFINAL\SOLARSIZING\Solar_Sizing_Bill_Calculator_With_AI_Backend\venv\Lib\site-packages\django\db\backends\utils.py", line 105, in _execute
    return self.cursor.execute(sql, params)
           ^^^^^^^^^^^^^^^^^^^^^^^^^^^^^^^^
  File "C:\Projects\Mustafa\NOTFINAL\SOLARSIZING\Solar_Sizing_Bill_Calculator_With_AI_Backend\venv\Lib\site-packages\django\db\backends\sqlite3\base.py", line 354, in execute
    return super().execute(query, params)
           ^^^^^^^^^^^^^^^^^^^^^^^^^^^^^^
django.db.utils.OperationalError: no such column: solar_bracketcosts.min_size

During handling of the above exception, another exception occurred:

Traceback (most recent call last):
  File "C:\Projects\Mustafa\NOTFINAL\SOLARSIZING\Solar_Sizing_Bill_Calculator_With_AI_Backend\solar\services\quote_service.py", line 228, in _get_all_costs
    bracket_costs = InventoryService.get_bracket_costs(system_size)
                    ^^^^^^^^^^^^^^^^^^^^^^^^^^^^^^^^^^^^^^^^^^^^^^^
  File "C:\Projects\Mustafa\NOTFINAL\SOLARSIZING\Solar_Sizing_Bill_Calculator_With_AI_Backend\solar\services\inventory_service.py", line 261, in get_bracket_costs
    raise AppError(
solar.middleware.error_handler.AppError: Failed to retrieve bracket costs
ERROR 2024-12-06 03:18:05,863 quote_service 9840 25400 Cost calculation failed: Failed to retrieve costs
ERROR 2024-12-06 03:18:05,863 quote_service 9840 25400 Quote generation failed with AppError: Failed to retrieve costs
ERROR 2024-12-06 03:18:05,863 quote_views 9840 25400 Error in quote generation
Traceback (most recent call last):
  File "C:\Projects\Mustafa\NOTFINAL\SOLARSIZING\Solar_Sizing_Bill_Calculator_With_AI_Backend\venv\Lib\site-packages\django\db\backends\utils.py", line 105, in _execute
    return self.cursor.execute(sql, params)
           ^^^^^^^^^^^^^^^^^^^^^^^^^^^^^^^^
  File "C:\Projects\Mustafa\NOTFINAL\SOLARSIZING\Solar_Sizing_Bill_Calculator_With_AI_Backend\venv\Lib\site-packages\django\db\backends\sqlite3\base.py", line 354, in execute
    return super().execute(query, params)
           ^^^^^^^^^^^^^^^^^^^^^^^^^^^^^^
sqlite3.OperationalError: no such column: solar_bracketcosts.min_size

The above exception was the direct cause of the following exception:

Traceback (most recent call last):
  File "C:\Projects\Mustafa\NOTFINAL\SOLARSIZING\Solar_Sizing_Bill_Calculator_With_AI_Backend\solar\services\inventory_service.py", line 237, in get_bracket_costs
    ).first()
      ^^^^^^^
  File "C:\Projects\Mustafa\NOTFINAL\SOLARSIZING\Solar_Sizing_Bill_Calculator_With_AI_Backend\venv\Lib\site-packages\django\db\models\query.py", line 1097, in first
    for obj in queryset[:1]:
  File "C:\Projects\Mustafa\NOTFINAL\SOLARSIZING\Solar_Sizing_Bill_Calculator_With_AI_Backend\venv\Lib\site-packages\django\db\models\query.py", line 400, in __iter__
    self._fetch_all()
  File "C:\Projects\Mustafa\NOTFINAL\SOLARSIZING\Solar_Sizing_Bill_Calculator_With_AI_Backend\venv\Lib\site-packages\django\db\models\query.py", line 1928, in _fetch_all
    self._result_cache = list(self._iterable_class(self))
                         ^^^^^^^^^^^^^^^^^^^^^^^^^^^^^^^^
  File "C:\Projects\Mustafa\NOTFINAL\SOLARSIZING\Solar_Sizing_Bill_Calculator_With_AI_Backend\venv\Lib\site-packages\django\db\models\query.py", line 91, in __iter__
    results = compiler.execute_sql(
              ^^^^^^^^^^^^^^^^^^^^^
  File "C:\Projects\Mustafa\NOTFINAL\SOLARSIZING\Solar_Sizing_Bill_Calculator_With_AI_Backend\venv\Lib\site-packages\django\db\models\sql\compiler.py", line 1574, in execute_sql
    cursor.execute(sql, params)
  File "C:\Projects\Mustafa\NOTFINAL\SOLARSIZING\Solar_Sizing_Bill_Calculator_With_AI_Backend\venv\Lib\site-packages\django\db\backends\utils.py", line 122, in execute
    return super().execute(sql, params)
           ^^^^^^^^^^^^^^^^^^^^^^^^^^^^
  File "C:\Projects\Mustafa\NOTFINAL\SOLARSIZING\Solar_Sizing_Bill_Calculator_With_AI_Backend\venv\Lib\site-packages\django\db\backends\utils.py", line 79, in execute
    return self._execute_with_wrappers(
           ^^^^^^^^^^^^^^^^^^^^^^^^^^^^
  File "C:\Projects\Mustafa\NOTFINAL\SOLARSIZING\Solar_Sizing_Bill_Calculator_With_AI_Backend\venv\Lib\site-packages\django\db\backends\utils.py", line 92, in _execute_with_wrappers
    return executor(sql, params, many, context)
           ^^^^^^^^^^^^^^^^^^^^^^^^^^^^^^^^^^^^
  File "C:\Projects\Mustafa\NOTFINAL\SOLARSIZING\Solar_Sizing_Bill_Calculator_With_AI_Backend\venv\Lib\site-packages\django\db\backends\utils.py", line 100, in _execute
    with self.db.wrap_database_errors:
  File "C:\Projects\Mustafa\NOTFINAL\SOLARSIZING\Solar_Sizing_Bill_Calculator_With_AI_Backend\venv\Lib\site-packages\django\db\utils.py", line 91, in __exit__
    raise dj_exc_value.with_traceback(traceback) from exc_value
  File "C:\Projects\Mustafa\NOTFINAL\SOLARSIZING\Solar_Sizing_Bill_Calculator_With_AI_Backend\venv\Lib\site-packages\django\db\backends\utils.py", line 105, in _execute
    return self.cursor.execute(sql, params)
           ^^^^^^^^^^^^^^^^^^^^^^^^^^^^^^^^
  File "C:\Projects\Mustafa\NOTFINAL\SOLARSIZING\Solar_Sizing_Bill_Calculator_With_AI_Backend\venv\Lib\site-packages\django\db\backends\sqlite3\base.py", line 354, in execute
    return super().execute(query, params)
           ^^^^^^^^^^^^^^^^^^^^^^^^^^^^^^
django.db.utils.OperationalError: no such column: solar_bracketcosts.min_size

During handling of the above exception, another exception occurred:

Traceback (most recent call last):
  File "C:\Projects\Mustafa\NOTFINAL\SOLARSIZING\Solar_Sizing_Bill_Calculator_With_AI_Backend\solar\services\quote_service.py", line 228, in _get_all_costs
    bracket_costs = InventoryService.get_bracket_costs(system_size)
                    ^^^^^^^^^^^^^^^^^^^^^^^^^^^^^^^^^^^^^^^^^^^^^^^
  File "C:\Projects\Mustafa\NOTFINAL\SOLARSIZING\Solar_Sizing_Bill_Calculator_With_AI_Backend\solar\services\inventory_service.py", line 261, in get_bracket_costs
    raise AppError(
solar.middleware.error_handler.AppError: Failed to retrieve bracket costs

During handling of the above exception, another exception occurred:

Traceback (most recent call last):
  File "C:\Projects\Mustafa\NOTFINAL\SOLARSIZING\Solar_Sizing_Bill_Calculator_With_AI_Backend\solar\views\quote_views.py", line 46, in post
    quote_data = QuoteService.generate_quote(request.data)
                 ^^^^^^^^^^^^^^^^^^^^^^^^^^^^^^^^^^^^^^^^^
  File "C:\Projects\Mustafa\NOTFINAL\SOLARSIZING\Solar_Sizing_Bill_Calculator_With_AI_Backend\solar\services\quote_service.py", line 91, in generate_quote
    costs = cls._get_all_costs(system_size, panels_needed)
            ^^^^^^^^^^^^^^^^^^^^^^^^^^^^^^^^^^^^^^^^^^^^^^
  File "C:\Projects\Mustafa\NOTFINAL\SOLARSIZING\Solar_Sizing_Bill_Calculator_With_AI_Backend\solar\services\quote_service.py", line 249, in _get_all_costs
    raise AppError(
solar.middleware.error_handler.AppError: Failed to retrieve costs
ERROR 2024-12-06 03:29:51,240 quote_service 11472 25508 Component selection failed: No default panel configured
ERROR 2024-12-06 03:29:51,240 quote_service 11472 25508 Quote generation failed with AppError: No default panel configured
ERROR 2024-12-06 03:29:51,240 quote_views 11472 25508 Error in quote generation
Traceback (most recent call last):
  File "C:\Projects\Mustafa\NOTFINAL\SOLARSIZING\Solar_Sizing_Bill_Calculator_With_AI_Backend\solar\views\quote_views.py", line 46, in post
    quote_data = QuoteService.generate_quote(request.data)
                 ^^^^^^^^^^^^^^^^^^^^^^^^^^^^^^^^^^^^^^^^^
  File "C:\Projects\Mustafa\NOTFINAL\SOLARSIZING\Solar_Sizing_Bill_Calculator_With_AI_Backend\solar\services\quote_service.py", line 79, in generate_quote
    panel = cls._get_default_panel()
            ^^^^^^^^^^^^^^^^^^^^^^^^
  File "C:\Projects\Mustafa\NOTFINAL\SOLARSIZING\Solar_Sizing_Bill_Calculator_With_AI_Backend\solar\services\quote_service.py", line 170, in _get_default_panel
    raise AppError(
solar.middleware.error_handler.AppError: No default panel configured
ERROR 2024-12-06 03:43:44,384 inventory_service 22220 2676 Error retrieving bracket costs
Traceback (most recent call last):
  File "C:\Projects\Mustafa\NOTFINAL\SOLARSIZING\Solar_Sizing_Bill_Calculator_With_AI_Backend\venv\Lib\site-packages\django\db\backends\utils.py", line 105, in _execute
    return self.cursor.execute(sql, params)
           ^^^^^^^^^^^^^^^^^^^^^^^^^^^^^^^^
  File "C:\Projects\Mustafa\NOTFINAL\SOLARSIZING\Solar_Sizing_Bill_Calculator_With_AI_Backend\venv\Lib\site-packages\django\db\backends\sqlite3\base.py", line 354, in execute
    return super().execute(query, params)
           ^^^^^^^^^^^^^^^^^^^^^^^^^^^^^^
sqlite3.OperationalError: no such column: solar_bracketcosts.min_size

The above exception was the direct cause of the following exception:

Traceback (most recent call last):
  File "C:\Projects\Mustafa\NOTFINAL\SOLARSIZING\Solar_Sizing_Bill_Calculator_With_AI_Backend\solar\services\inventory_service.py", line 260, in get_bracket_costs
    ).first()
      ^^^^^^^
  File "C:\Projects\Mustafa\NOTFINAL\SOLARSIZING\Solar_Sizing_Bill_Calculator_With_AI_Backend\venv\Lib\site-packages\django\db\models\query.py", line 1097, in first
    for obj in queryset[:1]:
  File "C:\Projects\Mustafa\NOTFINAL\SOLARSIZING\Solar_Sizing_Bill_Calculator_With_AI_Backend\venv\Lib\site-packages\django\db\models\query.py", line 400, in __iter__
    self._fetch_all()
  File "C:\Projects\Mustafa\NOTFINAL\SOLARSIZING\Solar_Sizing_Bill_Calculator_With_AI_Backend\venv\Lib\site-packages\django\db\models\query.py", line 1928, in _fetch_all
    self._result_cache = list(self._iterable_class(self))
                         ^^^^^^^^^^^^^^^^^^^^^^^^^^^^^^^^
  File "C:\Projects\Mustafa\NOTFINAL\SOLARSIZING\Solar_Sizing_Bill_Calculator_With_AI_Backend\venv\Lib\site-packages\django\db\models\query.py", line 91, in __iter__
    results = compiler.execute_sql(
              ^^^^^^^^^^^^^^^^^^^^^
  File "C:\Projects\Mustafa\NOTFINAL\SOLARSIZING\Solar_Sizing_Bill_Calculator_With_AI_Backend\venv\Lib\site-packages\django\db\models\sql\compiler.py", line 1574, in execute_sql
    cursor.execute(sql, params)
  File "C:\Projects\Mustafa\NOTFINAL\SOLARSIZING\Solar_Sizing_Bill_Calculator_With_AI_Backend\venv\Lib\site-packages\django\db\backends\utils.py", line 122, in execute
    return super().execute(sql, params)
           ^^^^^^^^^^^^^^^^^^^^^^^^^^^^
  File "C:\Projects\Mustafa\NOTFINAL\SOLARSIZING\Solar_Sizing_Bill_Calculator_With_AI_Backend\venv\Lib\site-packages\django\db\backends\utils.py", line 79, in execute
    return self._execute_with_wrappers(
           ^^^^^^^^^^^^^^^^^^^^^^^^^^^^
  File "C:\Projects\Mustafa\NOTFINAL\SOLARSIZING\Solar_Sizing_Bill_Calculator_With_AI_Backend\venv\Lib\site-packages\django\db\backends\utils.py", line 92, in _execute_with_wrappers
    return executor(sql, params, many, context)
           ^^^^^^^^^^^^^^^^^^^^^^^^^^^^^^^^^^^^
  File "C:\Projects\Mustafa\NOTFINAL\SOLARSIZING\Solar_Sizing_Bill_Calculator_With_AI_Backend\venv\Lib\site-packages\django\db\backends\utils.py", line 100, in _execute
    with self.db.wrap_database_errors:
  File "C:\Projects\Mustafa\NOTFINAL\SOLARSIZING\Solar_Sizing_Bill_Calculator_With_AI_Backend\venv\Lib\site-packages\django\db\utils.py", line 91, in __exit__
    raise dj_exc_value.with_traceback(traceback) from exc_value
  File "C:\Projects\Mustafa\NOTFINAL\SOLARSIZING\Solar_Sizing_Bill_Calculator_With_AI_Backend\venv\Lib\site-packages\django\db\backends\utils.py", line 105, in _execute
    return self.cursor.execute(sql, params)
           ^^^^^^^^^^^^^^^^^^^^^^^^^^^^^^^^
  File "C:\Projects\Mustafa\NOTFINAL\SOLARSIZING\Solar_Sizing_Bill_Calculator_With_AI_Backend\venv\Lib\site-packages\django\db\backends\sqlite3\base.py", line 354, in execute
    return super().execute(query, params)
           ^^^^^^^^^^^^^^^^^^^^^^^^^^^^^^
django.db.utils.OperationalError: no such column: solar_bracketcosts.min_size
ERROR 2024-12-06 03:43:44,390 quote_service 22220 2676 Error calculating costs
Traceback (most recent call last):
  File "C:\Projects\Mustafa\NOTFINAL\SOLARSIZING\Solar_Sizing_Bill_Calculator_With_AI_Backend\venv\Lib\site-packages\django\db\backends\utils.py", line 105, in _execute
    return self.cursor.execute(sql, params)
           ^^^^^^^^^^^^^^^^^^^^^^^^^^^^^^^^
  File "C:\Projects\Mustafa\NOTFINAL\SOLARSIZING\Solar_Sizing_Bill_Calculator_With_AI_Backend\venv\Lib\site-packages\django\db\backends\sqlite3\base.py", line 354, in execute
    return super().execute(query, params)
           ^^^^^^^^^^^^^^^^^^^^^^^^^^^^^^
sqlite3.OperationalError: no such column: solar_bracketcosts.min_size

The above exception was the direct cause of the following exception:

Traceback (most recent call last):
  File "C:\Projects\Mustafa\NOTFINAL\SOLARSIZING\Solar_Sizing_Bill_Calculator_With_AI_Backend\solar\services\inventory_service.py", line 260, in get_bracket_costs
    ).first()
      ^^^^^^^
  File "C:\Projects\Mustafa\NOTFINAL\SOLARSIZING\Solar_Sizing_Bill_Calculator_With_AI_Backend\venv\Lib\site-packages\django\db\models\query.py", line 1097, in first
    for obj in queryset[:1]:
  File "C:\Projects\Mustafa\NOTFINAL\SOLARSIZING\Solar_Sizing_Bill_Calculator_With_AI_Backend\venv\Lib\site-packages\django\db\models\query.py", line 400, in __iter__
    self._fetch_all()
  File "C:\Projects\Mustafa\NOTFINAL\SOLARSIZING\Solar_Sizing_Bill_Calculator_With_AI_Backend\venv\Lib\site-packages\django\db\models\query.py", line 1928, in _fetch_all
    self._result_cache = list(self._iterable_class(self))
                         ^^^^^^^^^^^^^^^^^^^^^^^^^^^^^^^^
  File "C:\Projects\Mustafa\NOTFINAL\SOLARSIZING\Solar_Sizing_Bill_Calculator_With_AI_Backend\venv\Lib\site-packages\django\db\models\query.py", line 91, in __iter__
    results = compiler.execute_sql(
              ^^^^^^^^^^^^^^^^^^^^^
  File "C:\Projects\Mustafa\NOTFINAL\SOLARSIZING\Solar_Sizing_Bill_Calculator_With_AI_Backend\venv\Lib\site-packages\django\db\models\sql\compiler.py", line 1574, in execute_sql
    cursor.execute(sql, params)
  File "C:\Projects\Mustafa\NOTFINAL\SOLARSIZING\Solar_Sizing_Bill_Calculator_With_AI_Backend\venv\Lib\site-packages\django\db\backends\utils.py", line 122, in execute
    return super().execute(sql, params)
           ^^^^^^^^^^^^^^^^^^^^^^^^^^^^
  File "C:\Projects\Mustafa\NOTFINAL\SOLARSIZING\Solar_Sizing_Bill_Calculator_With_AI_Backend\venv\Lib\site-packages\django\db\backends\utils.py", line 79, in execute
    return self._execute_with_wrappers(
           ^^^^^^^^^^^^^^^^^^^^^^^^^^^^
  File "C:\Projects\Mustafa\NOTFINAL\SOLARSIZING\Solar_Sizing_Bill_Calculator_With_AI_Backend\venv\Lib\site-packages\django\db\backends\utils.py", line 92, in _execute_with_wrappers
    return executor(sql, params, many, context)
           ^^^^^^^^^^^^^^^^^^^^^^^^^^^^^^^^^^^^
  File "C:\Projects\Mustafa\NOTFINAL\SOLARSIZING\Solar_Sizing_Bill_Calculator_With_AI_Backend\venv\Lib\site-packages\django\db\backends\utils.py", line 100, in _execute
    with self.db.wrap_database_errors:
  File "C:\Projects\Mustafa\NOTFINAL\SOLARSIZING\Solar_Sizing_Bill_Calculator_With_AI_Backend\venv\Lib\site-packages\django\db\utils.py", line 91, in __exit__
    raise dj_exc_value.with_traceback(traceback) from exc_value
  File "C:\Projects\Mustafa\NOTFINAL\SOLARSIZING\Solar_Sizing_Bill_Calculator_With_AI_Backend\venv\Lib\site-packages\django\db\backends\utils.py", line 105, in _execute
    return self.cursor.execute(sql, params)
           ^^^^^^^^^^^^^^^^^^^^^^^^^^^^^^^^
  File "C:\Projects\Mustafa\NOTFINAL\SOLARSIZING\Solar_Sizing_Bill_Calculator_With_AI_Backend\venv\Lib\site-packages\django\db\backends\sqlite3\base.py", line 354, in execute
    return super().execute(query, params)
           ^^^^^^^^^^^^^^^^^^^^^^^^^^^^^^
django.db.utils.OperationalError: no such column: solar_bracketcosts.min_size

During handling of the above exception, another exception occurred:

Traceback (most recent call last):
  File "C:\Projects\Mustafa\NOTFINAL\SOLARSIZING\Solar_Sizing_Bill_Calculator_With_AI_Backend\solar\services\quote_service.py", line 228, in _get_all_costs
    bracket_costs = InventoryService.get_bracket_costs(system_size)
                    ^^^^^^^^^^^^^^^^^^^^^^^^^^^^^^^^^^^^^^^^^^^^^^^
  File "C:\Projects\Mustafa\NOTFINAL\SOLARSIZING\Solar_Sizing_Bill_Calculator_With_AI_Backend\solar\services\inventory_service.py", line 284, in get_bracket_costs
    raise AppError(
solar.middleware.error_handler.AppError: Failed to retrieve bracket costs
ERROR 2024-12-06 03:43:44,391 quote_service 22220 2676 Cost calculation failed: Failed to retrieve costs
ERROR 2024-12-06 03:43:44,391 quote_service 22220 2676 Quote generation failed with AppError: Failed to retrieve costs
ERROR 2024-12-06 03:43:44,392 quote_views 22220 2676 Error in quote generation
Traceback (most recent call last):
  File "C:\Projects\Mustafa\NOTFINAL\SOLARSIZING\Solar_Sizing_Bill_Calculator_With_AI_Backend\venv\Lib\site-packages\django\db\backends\utils.py", line 105, in _execute
    return self.cursor.execute(sql, params)
           ^^^^^^^^^^^^^^^^^^^^^^^^^^^^^^^^
  File "C:\Projects\Mustafa\NOTFINAL\SOLARSIZING\Solar_Sizing_Bill_Calculator_With_AI_Backend\venv\Lib\site-packages\django\db\backends\sqlite3\base.py", line 354, in execute
    return super().execute(query, params)
           ^^^^^^^^^^^^^^^^^^^^^^^^^^^^^^
sqlite3.OperationalError: no such column: solar_bracketcosts.min_size

The above exception was the direct cause of the following exception:

Traceback (most recent call last):
  File "C:\Projects\Mustafa\NOTFINAL\SOLARSIZING\Solar_Sizing_Bill_Calculator_With_AI_Backend\solar\services\inventory_service.py", line 260, in get_bracket_costs
    ).first()
      ^^^^^^^
  File "C:\Projects\Mustafa\NOTFINAL\SOLARSIZING\Solar_Sizing_Bill_Calculator_With_AI_Backend\venv\Lib\site-packages\django\db\models\query.py", line 1097, in first
    for obj in queryset[:1]:
  File "C:\Projects\Mustafa\NOTFINAL\SOLARSIZING\Solar_Sizing_Bill_Calculator_With_AI_Backend\venv\Lib\site-packages\django\db\models\query.py", line 400, in __iter__
    self._fetch_all()
  File "C:\Projects\Mustafa\NOTFINAL\SOLARSIZING\Solar_Sizing_Bill_Calculator_With_AI_Backend\venv\Lib\site-packages\django\db\models\query.py", line 1928, in _fetch_all
    self._result_cache = list(self._iterable_class(self))
                         ^^^^^^^^^^^^^^^^^^^^^^^^^^^^^^^^
  File "C:\Projects\Mustafa\NOTFINAL\SOLARSIZING\Solar_Sizing_Bill_Calculator_With_AI_Backend\venv\Lib\site-packages\django\db\models\query.py", line 91, in __iter__
    results = compiler.execute_sql(
              ^^^^^^^^^^^^^^^^^^^^^
  File "C:\Projects\Mustafa\NOTFINAL\SOLARSIZING\Solar_Sizing_Bill_Calculator_With_AI_Backend\venv\Lib\site-packages\django\db\models\sql\compiler.py", line 1574, in execute_sql
    cursor.execute(sql, params)
  File "C:\Projects\Mustafa\NOTFINAL\SOLARSIZING\Solar_Sizing_Bill_Calculator_With_AI_Backend\venv\Lib\site-packages\django\db\backends\utils.py", line 122, in execute
    return super().execute(sql, params)
           ^^^^^^^^^^^^^^^^^^^^^^^^^^^^
  File "C:\Projects\Mustafa\NOTFINAL\SOLARSIZING\Solar_Sizing_Bill_Calculator_With_AI_Backend\venv\Lib\site-packages\django\db\backends\utils.py", line 79, in execute
    return self._execute_with_wrappers(
           ^^^^^^^^^^^^^^^^^^^^^^^^^^^^
  File "C:\Projects\Mustafa\NOTFINAL\SOLARSIZING\Solar_Sizing_Bill_Calculator_With_AI_Backend\venv\Lib\site-packages\django\db\backends\utils.py", line 92, in _execute_with_wrappers
    return executor(sql, params, many, context)
           ^^^^^^^^^^^^^^^^^^^^^^^^^^^^^^^^^^^^
  File "C:\Projects\Mustafa\NOTFINAL\SOLARSIZING\Solar_Sizing_Bill_Calculator_With_AI_Backend\venv\Lib\site-packages\django\db\backends\utils.py", line 100, in _execute
    with self.db.wrap_database_errors:
  File "C:\Projects\Mustafa\NOTFINAL\SOLARSIZING\Solar_Sizing_Bill_Calculator_With_AI_Backend\venv\Lib\site-packages\django\db\utils.py", line 91, in __exit__
    raise dj_exc_value.with_traceback(traceback) from exc_value
  File "C:\Projects\Mustafa\NOTFINAL\SOLARSIZING\Solar_Sizing_Bill_Calculator_With_AI_Backend\venv\Lib\site-packages\django\db\backends\utils.py", line 105, in _execute
    return self.cursor.execute(sql, params)
           ^^^^^^^^^^^^^^^^^^^^^^^^^^^^^^^^
  File "C:\Projects\Mustafa\NOTFINAL\SOLARSIZING\Solar_Sizing_Bill_Calculator_With_AI_Backend\venv\Lib\site-packages\django\db\backends\sqlite3\base.py", line 354, in execute
    return super().execute(query, params)
           ^^^^^^^^^^^^^^^^^^^^^^^^^^^^^^
django.db.utils.OperationalError: no such column: solar_bracketcosts.min_size

During handling of the above exception, another exception occurred:

Traceback (most recent call last):
  File "C:\Projects\Mustafa\NOTFINAL\SOLARSIZING\Solar_Sizing_Bill_Calculator_With_AI_Backend\solar\services\quote_service.py", line 228, in _get_all_costs
    bracket_costs = InventoryService.get_bracket_costs(system_size)
                    ^^^^^^^^^^^^^^^^^^^^^^^^^^^^^^^^^^^^^^^^^^^^^^^
  File "C:\Projects\Mustafa\NOTFINAL\SOLARSIZING\Solar_Sizing_Bill_Calculator_With_AI_Backend\solar\services\inventory_service.py", line 284, in get_bracket_costs
    raise AppError(
solar.middleware.error_handler.AppError: Failed to retrieve bracket costs

During handling of the above exception, another exception occurred:

Traceback (most recent call last):
  File "C:\Projects\Mustafa\NOTFINAL\SOLARSIZING\Solar_Sizing_Bill_Calculator_With_AI_Backend\solar\views\quote_views.py", line 46, in post
    quote_data = QuoteService.generate_quote(request.data)
                 ^^^^^^^^^^^^^^^^^^^^^^^^^^^^^^^^^^^^^^^^^
  File "C:\Projects\Mustafa\NOTFINAL\SOLARSIZING\Solar_Sizing_Bill_Calculator_With_AI_Backend\solar\services\quote_service.py", line 91, in generate_quote
    costs = cls._get_all_costs(system_size, panels_needed)
            ^^^^^^^^^^^^^^^^^^^^^^^^^^^^^^^^^^^^^^^^^^^^^^
  File "C:\Projects\Mustafa\NOTFINAL\SOLARSIZING\Solar_Sizing_Bill_Calculator_With_AI_Backend\solar\services\quote_service.py", line 249, in _get_all_costs
    raise AppError(
solar.middleware.error_handler.AppError: Failed to retrieve costs
